<?xml version="1.0" encoding="UTF-8"?>
<!-- Generated by org.testng.reporters.JUnitXMLReporter -->
<testsuite hostname="Amrishs-MacBook-Air.local" ignored="0" name="LoanOffers" tests="2" failures="0" timestamp="2020-12-19T19:15:33 PST" time="19.65" errors="0">
  <testcase name="testGetLoanOffer" time="11.661" classname="com.upgrade.uiautomation.UpgradeUIAutomation.test.LoanOfferTest"/>
  <testcase name="testValidateLoanOffer" time="7.516" classname="com.upgrade.uiautomation.UpgradeUIAutomation.test.LoanOfferTest"/>
</testsuite> <!-- LoanOffers -->
