<?xml version="1.0" encoding="UTF-8"?>
<testng-results skipped="0" failed="0" ignored="0" total="1" passed="1">
  <reporter-output>
  </reporter-output>
  <suite name="Default suite" duration-ms="8078" started-at="2021-02-11T22:59:58 EST" finished-at="2021-02-11T23:00:06 EST">
    <groups>
    </groups>
    <test name="Default test" duration-ms="8078" started-at="2021-02-11T22:59:58 EST" finished-at="2021-02-11T23:00:06 EST">
      <class name="com.uniteus.uiautomation.UniteusUIAutomation.test.ProvidersFilterTest">
        <test-method status="PASS" signature="testProvidersFilter()[pri:0, instance:com.uniteus.uiautomation.UniteusUIAutomation.test.ProvidersFilterTest@488d1cd7]" name="testProvidersFilter" duration-ms="7388" started-at="2021-02-11T22:59:58 EST" finished-at="2021-02-11T23:00:05 EST">
          <reporter-output>
          </reporter-output>
        </test-method> <!-- testProvidersFilter -->
        <test-method status="PASS" signature="getResult(org.testng.ITestResult)[pri:0, instance:com.uniteus.uiautomation.UniteusUIAutomation.test.ProvidersFilterTest@488d1cd7]" name="getResult" is-config="true" duration-ms="8" started-at="2021-02-11T23:00:05 EST" finished-at="2021-02-11T23:00:05 EST">
          <params>
            <param index="0">
              <value>
                <![CDATA[[TestResult name=testProvidersFilter status=SUCCESS method=ProvidersFilterTest.testProvidersFilter()[pri:0, instance:com.uniteus.uiautomation.UniteusUIAutomation.test.ProvidersFilterTest@488d1cd7] output={null}]]]>
              </value>
            </param>
          </params>
          <reporter-output>
          </reporter-output>
        </test-method> <!-- getResult -->
        <test-method status="PASS" signature="tearDown()[pri:0, instance:com.uniteus.uiautomation.UniteusUIAutomation.test.ProvidersFilterTest@488d1cd7]" name="tearDown" is-config="true" duration-ms="580" started-at="2021-02-11T23:00:05 EST" finished-at="2021-02-11T23:00:06 EST">
          <reporter-output>
          </reporter-output>
        </test-method> <!-- tearDown -->
      </class> <!-- com.uniteus.uiautomation.UniteusUIAutomation.test.ProvidersFilterTest -->
    </test> <!-- Default test -->
  </suite> <!-- Default suite -->
</testng-results>
